# JRE version: OpenJDK Runtime Environment (8.0_202-b03) (build 1.8.0_202-release-1483-b03)
# Java VM: OpenJDK 64-Bit Server VM (25.202-b03 mixed mode windows-amd64 compressed oops)
Heap:
 PSYoungGen      total 24064K, used 6898K [0x00000000eba00000, 0x00000000eda80000, 0x0000000100000000)
  eden space 14848K, 19% used [0x00000000eba00000,0x00000000ebcdf0f0,0x00000000ec880000)
  from space 9216K, 42% used [0x00000000ec880000,0x00000000ecc5d8e0,0x00000000ed180000)
  to   space 9216K, 0% used [0x00000000ed180000,0x00000000ed180000,0x00000000eda80000)
 ParOldGen       total 37888K, used 16461K [0x00000000c2e00000, 0x00000000c5300000, 0x00000000eba00000)
  object space 37888K, 43% used [0x00000000c2e00000,0x00000000c3e134e0,0x00000000c5300000)
 Metaspace       used 36759K, capacity 37280K, committed 37632K, reserved 1083392K
  class space    used 4697K, capacity 4827K, committed 4864K, reserved 1048576K
GC Heap History (10 events):
Event: 51.244 GC heap before
{Heap before GC invocations=11 (full 1):
 PSYoungGen      total 23552K, used 23206K [0x00000000eba00000, 0x00000000edb80000, 0x0000000100000000)
  eden space 14848K, 100% used [0x00000000eba00000,0x00000000ec880000,0x00000000ec880000)
  from space 8704K, 96% used [0x00000000ec880000,0x00000000ed0a9bc0,0x00000000ed100000)
  to   space 9728K, 0% used [0x00000000ed200000,0x00000000ed200000,0x00000000edb80000)
 ParOldGen       total 26624K, used 5907K [0x00000000c2e00000, 0x00000000c4800000, 0x00000000eba00000)
  object space 26624K, 22% used [0x00000000c2e00000,0x00000000c33c4e30,0x00000000c4800000)
 Metaspace       used 29293K, capacity 29774K, committed 29952K, reserved 1075200K
  class space    used 3655K, capacity 3799K, committed 3840K, reserved 1048576K
Event: 51.249 GC heap after
Heap after GC invocations=11 (full 1):
 PSYoungGen      total 23552K, used 6133K [0x00000000eba00000, 0x00000000eda80000, 0x0000000100000000)
  eden space 14848K, 0% used [0x00000000eba00000,0x00000000eba00000,0x00000000ec880000)
  from space 8704K, 70% used [0x00000000ed200000,0x00000000ed7fd4e0,0x00000000eda80000)
  to   space 9216K, 0% used [0x00000000ec880000,0x00000000ec880000,0x00000000ed180000)
 ParOldGen       total 26624K, used 9824K [0x00000000c2e00000, 0x00000000c4800000, 0x00000000eba00000)
  object space 26624K, 36% used [0x00000000c2e00000,0x00000000c37982d0,0x00000000c4800000)
 Metaspace       used 29293K, capacity 29774K, committed 29952K, reserved 1075200K
  class space    used 3655K, capacity 3799K, committed 3840K, reserved 1048576K
}
Event: 54.322 GC heap before
{Heap before GC invocations=12 (full 1):
 PSYoungGen      total 23552K, used 20981K [0x00000000eba00000, 0x00000000eda80000, 0x0000000100000000)
  eden space 14848K, 100% used [0x00000000eba00000,0x00000000ec880000,0x00000000ec880000)
  from space 8704K, 70% used [0x00000000ed200000,0x00000000ed7fd4e0,0x00000000eda80000)
  to   space 9216K, 0% used [0x00000000ec880000,0x00000000ec880000,0x00000000ed180000)
 ParOldGen       total 26624K, used 9824K [0x00000000c2e00000, 0x00000000c4800000, 0x00000000eba00000)
  object space 26624K, 36% used [0x00000000c2e00000,0x00000000c37982d0,0x00000000c4800000)
 Metaspace       used 31960K, capacity 32466K, committed 32640K, reserved 1077248K
  class space    used 4070K, capacity 4218K, committed 4224K, reserved 1048576K
Event: 54.331 GC heap after
Heap after GC invocations=12 (full 1):
 PSYoungGen      total 24064K, used 3810K [0x00000000eba00000, 0x00000000eda80000, 0x0000000100000000)
  eden space 14848K, 0% used [0x00000000eba00000,0x00000000eba00000,0x00000000ec880000)
  from space 9216K, 41% used [0x00000000ec880000,0x00000000ecc38860,0x00000000ed180000)
  to   space 9216K, 0% used [0x00000000ed180000,0x00000000ed180000,0x00000000eda80000)
 ParOldGen       total 26624K, used 12956K [0x00000000c2e00000, 0x00000000c4800000, 0x00000000eba00000)
  object space 26624K, 48% used [0x00000000c2e00000,0x00000000c3aa73f0,0x00000000c4800000)
 Metaspace       used 31960K, capacity 32466K, committed 32640K, reserved 1077248K
  class space    used 4070K, capacity 4218K, committed 4224K, reserved 1048576K
}
Event: 57.829 GC heap before
{Heap before GC invocations=13 (full 1):
 PSYoungGen      total 24064K, used 14841K [0x00000000eba00000, 0x00000000eda80000, 0x0000000100000000)
  eden space 14848K, 74% used [0x00000000eba00000,0x00000000ec4c5f70,0x00000000ec880000)
  from space 9216K, 41% used [0x00000000ec880000,0x00000000ecc38860,0x00000000ed180000)
  to   space 9216K, 0% used [0x00000000ed180000,0x00000000ed180000,0x00000000eda80000)
 ParOldGen       total 26624K, used 12956K [0x00000000c2e00000, 0x00000000c4800000, 0x00000000eba00000)
  object space 26624K, 48% used [0x00000000c2e00000,0x00000000c3aa73f0,0x00000000c4800000)
 Metaspace       used 34751K, capacity 35286K, committed 35456K, reserved 1079296K
  class space    used 4484K, capacity 4632K, committed 4736K, reserved 1048576K
Event: 57.832 GC heap after
Heap after GC invocations=13 (full 1):
 PSYoungGen      total 24064K, used 3145K [0x00000000eba00000, 0x00000000eda80000, 0x0000000100000000)
  eden space 14848K, 0% used [0x00000000eba00000,0x00000000eba00000,0x00000000ec880000)
  from space 9216K, 34% used [0x00000000ed180000,0x00000000ed492458,0x00000000eda80000)
  to   space 9216K, 0% used [0x00000000ec880000,0x00000000ec880000,0x00000000ed180000)
 ParOldGen       total 26624K, used 14083K [0x00000000c2e00000, 0x00000000c4800000, 0x00000000eba00000)
  object space 26624K, 52% used [0x00000000c2e00000,0x00000000c3bc0cf0,0x00000000c4800000)
 Metaspace       used 34751K, capacity 35286K, committed 35456K, reserved 1079296K
  class space    used 4484K, capacity 4632K, committed 4736K, reserved 1048576K
}
Event: 57.832 GC heap before
{Heap before GC invocations=14 (full 2):
 PSYoungGen      total 24064K, used 3145K [0x00000000eba00000, 0x00000000eda80000, 0x0000000100000000)
  eden space 14848K, 0% used [0x00000000eba00000,0x00000000eba00000,0x00000000ec880000)
  from space 9216K, 34% used [0x00000000ed180000,0x00000000ed492458,0x00000000eda80000)
  to   space 9216K, 0% used [0x00000000ec880000,0x00000000ec880000,0x00000000ed180000)
 ParOldGen       total 26624K, used 14083K [0x00000000c2e00000, 0x00000000c4800000, 0x00000000eba00000)
  object space 26624K, 52% used [0x00000000c2e00000,0x00000000c3bc0cf0,0x00000000c4800000)
 Metaspace       used 34751K, capacity 35286K, committed 35456K, reserved 1079296K
  class space    used 4484K, capacity 4632K, committed 4736K, reserved 1048576K
Event: 57.932 GC heap after
Heap after GC invocations=14 (full 2):
 PSYoungGen      total 24064K, used 0K [0x00000000eba00000, 0x00000000eda80000, 0x0000000100000000)
  eden space 14848K, 0% used [0x00000000eba00000,0x00000000eba00000,0x00000000ec880000)
  from space 9216K, 0% used [0x00000000ed180000,0x00000000ed180000,0x00000000eda80000)
  to   space 9216K, 0% used [0x00000000ec880000,0x00000000ec880000,0x00000000ed180000)
 ParOldGen       total 37888K, used 16453K [0x00000000c2e00000, 0x00000000c5300000, 0x00000000eba00000)
  object space 37888K, 43% used [0x00000000c2e00000,0x00000000c3e114e0,0x00000000c5300000)
 Metaspace       used 34751K, capacity 35286K, committed 35456K, reserved 1079296K
  class space    used 4484K, capacity 4632K, committed 4736K, reserved 1048576K
}
Event: 65.100 GC heap before
{Heap before GC invocations=15 (full 2):
 PSYoungGen      total 24064K, used 14848K [0x00000000eba00000, 0x00000000eda80000, 0x0000000100000000)
  eden space 14848K, 100% used [0x00000000eba00000,0x00000000ec880000,0x00000000ec880000)
  from space 9216K, 0% used [0x00000000ed180000,0x00000000ed180000,0x00000000eda80000)
  to   space 9216K, 0% used [0x00000000ec880000,0x00000000ec880000,0x00000000ed180000)
 ParOldGen       total 37888K, used 16453K [0x00000000c2e00000, 0x00000000c5300000, 0x00000000eba00000)
  object space 37888K, 43% used [0x00000000c2e00000,0x00000000c3e114e0,0x00000000c5300000)
 Metaspace       used 36562K, capacity 37084K, committed 37376K, reserved 1083392K
  class space    used 4676K, capacity 4825K, committed 4864K, reserved 1048576K
Event: 65.109 GC heap after
Heap after GC invocations=15 (full 2):
 PSYoungGen      total 24064K, used 3958K [0x00000000eba00000, 0x00000000eda80000, 0x0000000100000000)
  eden space 14848K, 0% used [0x00000000eba00000,0x00000000eba00000,0x00000000ec880000)
  from space 9216K, 42% used [0x00000000ec880000,0x00000000ecc5d8e0,0x00000000ed180000)
  to   space 9216K, 0% used [0x00000000ed180000,0x00000000ed180000,0x00000000eda80000)
 ParOldGen       total 37888K, used 16461K [0x00000000c2e00000, 0x00000000c5300000, 0x00000000eba00000)
  object space 37888K, 43% used [0x00000000c2e00000,0x00000000c3e134e0,0x00000000c5300000)
 Metaspace       used 36562K, capacity 37084K, committed 37376K, reserved 1083392K
  class space    used 4676K, capacity 4825K, committed 4864K, reserved 1048576K
}

